<?xml version="1.0" encoding="UTF-8"?>
<testsuite xmlns:xsi="http://www.w3.org/2001/XMLSchema-instance" xsi:noNamespaceSchemaLocation="https://maven.apache.org/surefire/maven-surefire-plugin/xsd/surefire-test-report.xsd" name="main.reactor.ReactorApplicationTests" time="2.266" tests="1" errors="1" skipped="0" failures="0">
  <properties>
    <property name="java.specification.version" value="17"/>
    <property name="sun.jnu.encoding" value="UTF-8"/>
    <property name="java.class.path" value="/home/tiago/Documents/github/assignment2-IS/target/test-classes:/home/tiago/Documents/github/assignment2-IS/target/classes:/home/tiago/.m2/repository/org/springframework/boot/spring-boot-starter/2.7.5/spring-boot-starter-2.7.5.jar:/home/tiago/.m2/repository/org/springframework/boot/spring-boot/2.7.5/spring-boot-2.7.5.jar:/home/tiago/.m2/repository/org/springframework/spring-context/5.3.23/spring-context-5.3.23.jar:/home/tiago/.m2/repository/org/springframework/spring-aop/5.3.23/spring-aop-5.3.23.jar:/home/tiago/.m2/repository/org/springframework/spring-expression/5.3.23/spring-expression-5.3.23.jar:/home/tiago/.m2/repository/org/springframework/boot/spring-boot-autoconfigure/2.7.5/spring-boot-autoconfigure-2.7.5.jar:/home/tiago/.m2/repository/org/springframework/boot/spring-boot-starter-logging/2.7.5/spring-boot-starter-logging-2.7.5.jar:/home/tiago/.m2/repository/ch/qos/logback/logback-classic/1.2.11/logback-classic-1.2.11.jar:/home/tiago/.m2/repository/ch/qos/logback/logback-core/1.2.11/logback-core-1.2.11.jar:/home/tiago/.m2/repository/org/apache/logging/log4j/log4j-to-slf4j/2.17.2/log4j-to-slf4j-2.17.2.jar:/home/tiago/.m2/repository/org/apache/logging/log4j/log4j-api/2.17.2/log4j-api-2.17.2.jar:/home/tiago/.m2/repository/org/slf4j/jul-to-slf4j/1.7.36/jul-to-slf4j-1.7.36.jar:/home/tiago/.m2/repository/jakarta/annotation/jakarta.annotation-api/1.3.5/jakarta.annotation-api-1.3.5.jar:/home/tiago/.m2/repository/org/springframework/spring-core/5.3.23/spring-core-5.3.23.jar:/home/tiago/.m2/repository/org/springframework/spring-jcl/5.3.23/spring-jcl-5.3.23.jar:/home/tiago/.m2/repository/org/yaml/snakeyaml/1.30/snakeyaml-1.30.jar:/home/tiago/.m2/repository/org/springframework/boot/spring-boot-starter-test/2.7.5/spring-boot-starter-test-2.7.5.jar:/home/tiago/.m2/repository/org/springframework/boot/spring-boot-test/2.7.5/spring-boot-test-2.7.5.jar:/home/tiago/.m2/repository/org/springframework/boot/spring-boot-test-autoconfigure/2.7.5/spring-boot-test-autoconfigure-2.7.5.jar:/home/tiago/.m2/repository/com/jayway/jsonpath/json-path/2.7.0/json-path-2.7.0.jar:/home/tiago/.m2/repository/net/minidev/json-smart/2.4.8/json-smart-2.4.8.jar:/home/tiago/.m2/repository/net/minidev/accessors-smart/2.4.8/accessors-smart-2.4.8.jar:/home/tiago/.m2/repository/org/ow2/asm/asm/9.1/asm-9.1.jar:/home/tiago/.m2/repository/org/slf4j/slf4j-api/1.7.36/slf4j-api-1.7.36.jar:/home/tiago/.m2/repository/jakarta/xml/bind/jakarta.xml.bind-api/2.3.3/jakarta.xml.bind-api-2.3.3.jar:/home/tiago/.m2/repository/jakarta/activation/jakarta.activation-api/1.2.2/jakarta.activation-api-1.2.2.jar:/home/tiago/.m2/repository/org/assertj/assertj-core/3.22.0/assertj-core-3.22.0.jar:/home/tiago/.m2/repository/org/hamcrest/hamcrest/2.2/hamcrest-2.2.jar:/home/tiago/.m2/repository/org/junit/jupiter/junit-jupiter/5.8.2/junit-jupiter-5.8.2.jar:/home/tiago/.m2/repository/org/junit/jupiter/junit-jupiter-api/5.8.2/junit-jupiter-api-5.8.2.jar:/home/tiago/.m2/repository/org/opentest4j/opentest4j/1.2.0/opentest4j-1.2.0.jar:/home/tiago/.m2/repository/org/junit/platform/junit-platform-commons/1.8.2/junit-platform-commons-1.8.2.jar:/home/tiago/.m2/repository/org/apiguardian/apiguardian-api/1.1.2/apiguardian-api-1.1.2.jar:/home/tiago/.m2/repository/org/junit/jupiter/junit-jupiter-params/5.8.2/junit-jupiter-params-5.8.2.jar:/home/tiago/.m2/repository/org/junit/jupiter/junit-jupiter-engine/5.8.2/junit-jupiter-engine-5.8.2.jar:/home/tiago/.m2/repository/org/junit/platform/junit-platform-engine/1.8.2/junit-platform-engine-1.8.2.jar:/home/tiago/.m2/repository/org/mockito/mockito-core/4.5.1/mockito-core-4.5.1.jar:/home/tiago/.m2/repository/net/bytebuddy/byte-buddy/1.12.18/byte-buddy-1.12.18.jar:/home/tiago/.m2/repository/net/bytebuddy/byte-buddy-agent/1.12.18/byte-buddy-agent-1.12.18.jar:/home/tiago/.m2/repository/org/objenesis/objenesis/3.2/objenesis-3.2.jar:/home/tiago/.m2/repository/org/mockito/mockito-junit-jupiter/4.5.1/mockito-junit-jupiter-4.5.1.jar:/home/tiago/.m2/repository/org/skyscreamer/jsonassert/1.5.1/jsonassert-1.5.1.jar:/home/tiago/.m2/repository/com/vaadin/external/google/android-json/0.0.20131108.vaadin1/android-json-0.0.20131108.vaadin1.jar:/home/tiago/.m2/repository/org/springframework/spring-test/5.3.23/spring-test-5.3.23.jar:/home/tiago/.m2/repository/org/xmlunit/xmlunit-core/2.9.0/xmlunit-core-2.9.0.jar:/home/tiago/.m2/repository/org/springframework/boot/spring-boot-starter-webflux/2.7.5/spring-boot-starter-webflux-2.7.5.jar:/home/tiago/.m2/repository/org/springframework/boot/spring-boot-starter-json/2.7.5/spring-boot-starter-json-2.7.5.jar:/home/tiago/.m2/repository/com/fasterxml/jackson/core/jackson-databind/2.13.4.2/jackson-databind-2.13.4.2.jar:/home/tiago/.m2/repository/com/fasterxml/jackson/core/jackson-annotations/2.13.4/jackson-annotations-2.13.4.jar:/home/tiago/.m2/repository/com/fasterxml/jackson/core/jackson-core/2.13.4/jackson-core-2.13.4.jar:/home/tiago/.m2/repository/com/fasterxml/jackson/datatype/jackson-datatype-jdk8/2.13.4/jackson-datatype-jdk8-2.13.4.jar:/home/tiago/.m2/repository/com/fasterxml/jackson/datatype/jackson-datatype-jsr310/2.13.4/jackson-datatype-jsr310-2.13.4.jar:/home/tiago/.m2/repository/com/fasterxml/jackson/module/jackson-module-parameter-names/2.13.4/jackson-module-parameter-names-2.13.4.jar:/home/tiago/.m2/repository/org/springframework/boot/spring-boot-starter-reactor-netty/2.7.5/spring-boot-starter-reactor-netty-2.7.5.jar:/home/tiago/.m2/repository/io/projectreactor/netty/reactor-netty-http/1.0.24/reactor-netty-http-1.0.24.jar:/home/tiago/.m2/repository/io/netty/netty-codec-http/4.1.84.Final/netty-codec-http-4.1.84.Final.jar:/home/tiago/.m2/repository/io/netty/netty-common/4.1.84.Final/netty-common-4.1.84.Final.jar:/home/tiago/.m2/repository/io/netty/netty-buffer/4.1.84.Final/netty-buffer-4.1.84.Final.jar:/home/tiago/.m2/repository/io/netty/netty-transport/4.1.84.Final/netty-transport-4.1.84.Final.jar:/home/tiago/.m2/repository/io/netty/netty-codec/4.1.84.Final/netty-codec-4.1.84.Final.jar:/home/tiago/.m2/repository/io/netty/netty-codec-http2/4.1.84.Final/netty-codec-http2-4.1.84.Final.jar:/home/tiago/.m2/repository/io/netty/netty-resolver-dns/4.1.84.Final/netty-resolver-dns-4.1.84.Final.jar:/home/tiago/.m2/repository/io/netty/netty-resolver/4.1.84.Final/netty-resolver-4.1.84.Final.jar:/home/tiago/.m2/repository/io/netty/netty-codec-dns/4.1.84.Final/netty-codec-dns-4.1.84.Final.jar:/home/tiago/.m2/repository/io/netty/netty-resolver-dns-native-macos/4.1.84.Final/netty-resolver-dns-native-macos-4.1.84.Final-osx-x86_64.jar:/home/tiago/.m2/repository/io/netty/netty-resolver-dns-classes-macos/4.1.84.Final/netty-resolver-dns-classes-macos-4.1.84.Final.jar:/home/tiago/.m2/repository/io/netty/netty-transport-native-epoll/4.1.84.Final/netty-transport-native-epoll-4.1.84.Final-linux-x86_64.jar:/home/tiago/.m2/repository/io/netty/netty-transport-native-unix-common/4.1.84.Final/netty-transport-native-unix-common-4.1.84.Final.jar:/home/tiago/.m2/repository/io/netty/netty-transport-classes-epoll/4.1.84.Final/netty-transport-classes-epoll-4.1.84.Final.jar:/home/tiago/.m2/repository/org/springframework/spring-web/5.3.23/spring-web-5.3.23.jar:/home/tiago/.m2/repository/org/springframework/spring-webflux/5.3.23/spring-webflux-5.3.23.jar:/home/tiago/.m2/repository/io/r2dbc/r2dbc-pool/0.9.2.RELEASE/r2dbc-pool-0.9.2.RELEASE.jar:/home/tiago/.m2/repository/io/r2dbc/r2dbc-spi/0.9.1.RELEASE/r2dbc-spi-0.9.1.RELEASE.jar:/home/tiago/.m2/repository/org/reactivestreams/reactive-streams/1.0.4/reactive-streams-1.0.4.jar:/home/tiago/.m2/repository/io/projectreactor/reactor-core/3.4.24/reactor-core-3.4.24.jar:/home/tiago/.m2/repository/io/projectreactor/addons/reactor-pool/0.2.10/reactor-pool-0.2.10.jar:/home/tiago/.m2/repository/org/springframework/spring-jdbc/5.3.23/spring-jdbc-5.3.23.jar:/home/tiago/.m2/repository/org/springframework/spring-beans/5.3.23/spring-beans-5.3.23.jar:/home/tiago/.m2/repository/org/springframework/spring-tx/5.3.23/spring-tx-5.3.23.jar:/home/tiago/.m2/repository/io/r2dbc/r2dbc-postgresql/0.8.13.RELEASE/r2dbc-postgresql-0.8.13.RELEASE.jar:/home/tiago/.m2/repository/com/ongres/scram/client/2.1/client-2.1.jar:/home/tiago/.m2/repository/com/ongres/scram/common/2.1/common-2.1.jar:/home/tiago/.m2/repository/com/ongres/stringprep/saslprep/1.1/saslprep-1.1.jar:/home/tiago/.m2/repository/com/ongres/stringprep/stringprep/1.1/stringprep-1.1.jar:/home/tiago/.m2/repository/io/projectreactor/netty/reactor-netty/1.0.24/reactor-netty-1.0.24.jar:/home/tiago/.m2/repository/io/projectreactor/netty/reactor-netty-core/1.0.24/reactor-netty-core-1.0.24.jar:/home/tiago/.m2/repository/io/netty/netty-handler/4.1.84.Final/netty-handler-4.1.84.Final.jar:/home/tiago/.m2/repository/io/netty/netty-handler-proxy/4.1.84.Final/netty-handler-proxy-4.1.84.Final.jar:/home/tiago/.m2/repository/io/netty/netty-codec-socks/4.1.84.Final/netty-codec-socks-4.1.84.Final.jar:/home/tiago/.m2/repository/io/projectreactor/netty/incubator/reactor-netty-incubator-quic/0.0.13/reactor-netty-incubator-quic-0.0.13.jar:/home/tiago/.m2/repository/io/netty/incubator/netty-incubator-codec-native-quic/0.0.33.Final/netty-incubator-codec-native-quic-0.0.33.Final-linux-x86_64.jar:/home/tiago/.m2/repository/io/netty/incubator/netty-incubator-codec-classes-quic/0.0.33.Final/netty-incubator-codec-classes-quic-0.0.33.Final.jar:/home/tiago/.m2/repository/commons-codec/commons-codec/1.15/commons-codec-1.15.jar:/home/tiago/.m2/repository/io/projectreactor/netty/reactor-netty-http-brave/1.0.24/reactor-netty-http-brave-1.0.24.jar:/home/tiago/.m2/repository/io/zipkin/brave/brave-instrumentation-http/5.14.1/brave-instrumentation-http-5.14.1.jar:/home/tiago/.m2/repository/io/zipkin/brave/brave/5.14.1/brave-5.14.1.jar:/home/tiago/.m2/repository/io/zipkin/reporter2/zipkin-reporter-brave/2.16.3/zipkin-reporter-brave-2.16.3.jar:/home/tiago/.m2/repository/io/zipkin/reporter2/zipkin-reporter/2.16.3/zipkin-reporter-2.16.3.jar:/home/tiago/.m2/repository/io/zipkin/zipkin2/zipkin/2.23.2/zipkin-2.23.2.jar:/home/tiago/.m2/repository/org/postgresql/postgresql/42.3.7/postgresql-42.3.7.jar:/home/tiago/.m2/repository/org/checkerframework/checker-qual/3.5.0/checker-qual-3.5.0.jar:"/>
    <property name="java.vm.vendor" value="Private Build"/>
    <property name="sun.arch.data.model" value="64"/>
    <property name="java.vendor.url" value="Unknown"/>
    <property name="os.name" value="Linux"/>
    <property name="java.vm.specification.version" value="17"/>
    <property name="sun.java.launcher" value="SUN_STANDARD"/>
    <property name="user.country" value="GB"/>
    <property name="sun.boot.library.path" value="/usr/lib/jvm/java-17-openjdk-amd64/lib"/>
    <property name="sun.java.command" value="/home/tiago/Documents/github/assignment2-IS/target/surefire/surefirebooter8343720165338970942.jar /home/tiago/Documents/github/assignment2-IS/target/surefire 2022-10-24T17-25-52_626-jvmRun1 surefire14498061793205534077tmp surefire_0805648809318205698tmp"/>
    <property name="jdk.debug" value="release"/>
    <property name="surefire.test.class.path" value="/home/tiago/Documents/github/assignment2-IS/target/test-classes:/home/tiago/Documents/github/assignment2-IS/target/classes:/home/tiago/.m2/repository/org/springframework/boot/spring-boot-starter/2.7.5/spring-boot-starter-2.7.5.jar:/home/tiago/.m2/repository/org/springframework/boot/spring-boot/2.7.5/spring-boot-2.7.5.jar:/home/tiago/.m2/repository/org/springframework/spring-context/5.3.23/spring-context-5.3.23.jar:/home/tiago/.m2/repository/org/springframework/spring-aop/5.3.23/spring-aop-5.3.23.jar:/home/tiago/.m2/repository/org/springframework/spring-expression/5.3.23/spring-expression-5.3.23.jar:/home/tiago/.m2/repository/org/springframework/boot/spring-boot-autoconfigure/2.7.5/spring-boot-autoconfigure-2.7.5.jar:/home/tiago/.m2/repository/org/springframework/boot/spring-boot-starter-logging/2.7.5/spring-boot-starter-logging-2.7.5.jar:/home/tiago/.m2/repository/ch/qos/logback/logback-classic/1.2.11/logback-classic-1.2.11.jar:/home/tiago/.m2/repository/ch/qos/logback/logback-core/1.2.11/logback-core-1.2.11.jar:/home/tiago/.m2/repository/org/apache/logging/log4j/log4j-to-slf4j/2.17.2/log4j-to-slf4j-2.17.2.jar:/home/tiago/.m2/repository/org/apache/logging/log4j/log4j-api/2.17.2/log4j-api-2.17.2.jar:/home/tiago/.m2/repository/org/slf4j/jul-to-slf4j/1.7.36/jul-to-slf4j-1.7.36.jar:/home/tiago/.m2/repository/jakarta/annotation/jakarta.annotation-api/1.3.5/jakarta.annotation-api-1.3.5.jar:/home/tiago/.m2/repository/org/springframework/spring-core/5.3.23/spring-core-5.3.23.jar:/home/tiago/.m2/repository/org/springframework/spring-jcl/5.3.23/spring-jcl-5.3.23.jar:/home/tiago/.m2/repository/org/yaml/snakeyaml/1.30/snakeyaml-1.30.jar:/home/tiago/.m2/repository/org/springframework/boot/spring-boot-starter-test/2.7.5/spring-boot-starter-test-2.7.5.jar:/home/tiago/.m2/repository/org/springframework/boot/spring-boot-test/2.7.5/spring-boot-test-2.7.5.jar:/home/tiago/.m2/repository/org/springframework/boot/spring-boot-test-autoconfigure/2.7.5/spring-boot-test-autoconfigure-2.7.5.jar:/home/tiago/.m2/repository/com/jayway/jsonpath/json-path/2.7.0/json-path-2.7.0.jar:/home/tiago/.m2/repository/net/minidev/json-smart/2.4.8/json-smart-2.4.8.jar:/home/tiago/.m2/repository/net/minidev/accessors-smart/2.4.8/accessors-smart-2.4.8.jar:/home/tiago/.m2/repository/org/ow2/asm/asm/9.1/asm-9.1.jar:/home/tiago/.m2/repository/org/slf4j/slf4j-api/1.7.36/slf4j-api-1.7.36.jar:/home/tiago/.m2/repository/jakarta/xml/bind/jakarta.xml.bind-api/2.3.3/jakarta.xml.bind-api-2.3.3.jar:/home/tiago/.m2/repository/jakarta/activation/jakarta.activation-api/1.2.2/jakarta.activation-api-1.2.2.jar:/home/tiago/.m2/repository/org/assertj/assertj-core/3.22.0/assertj-core-3.22.0.jar:/home/tiago/.m2/repository/org/hamcrest/hamcrest/2.2/hamcrest-2.2.jar:/home/tiago/.m2/repository/org/junit/jupiter/junit-jupiter/5.8.2/junit-jupiter-5.8.2.jar:/home/tiago/.m2/repository/org/junit/jupiter/junit-jupiter-api/5.8.2/junit-jupiter-api-5.8.2.jar:/home/tiago/.m2/repository/org/opentest4j/opentest4j/1.2.0/opentest4j-1.2.0.jar:/home/tiago/.m2/repository/org/junit/platform/junit-platform-commons/1.8.2/junit-platform-commons-1.8.2.jar:/home/tiago/.m2/repository/org/apiguardian/apiguardian-api/1.1.2/apiguardian-api-1.1.2.jar:/home/tiago/.m2/repository/org/junit/jupiter/junit-jupiter-params/5.8.2/junit-jupiter-params-5.8.2.jar:/home/tiago/.m2/repository/org/junit/jupiter/junit-jupiter-engine/5.8.2/junit-jupiter-engine-5.8.2.jar:/home/tiago/.m2/repository/org/junit/platform/junit-platform-engine/1.8.2/junit-platform-engine-1.8.2.jar:/home/tiago/.m2/repository/org/mockito/mockito-core/4.5.1/mockito-core-4.5.1.jar:/home/tiago/.m2/repository/net/bytebuddy/byte-buddy/1.12.18/byte-buddy-1.12.18.jar:/home/tiago/.m2/repository/net/bytebuddy/byte-buddy-agent/1.12.18/byte-buddy-agent-1.12.18.jar:/home/tiago/.m2/repository/org/objenesis/objenesis/3.2/objenesis-3.2.jar:/home/tiago/.m2/repository/org/mockito/mockito-junit-jupiter/4.5.1/mockito-junit-jupiter-4.5.1.jar:/home/tiago/.m2/repository/org/skyscreamer/jsonassert/1.5.1/jsonassert-1.5.1.jar:/home/tiago/.m2/repository/com/vaadin/external/google/android-json/0.0.20131108.vaadin1/android-json-0.0.20131108.vaadin1.jar:/home/tiago/.m2/repository/org/springframework/spring-test/5.3.23/spring-test-5.3.23.jar:/home/tiago/.m2/repository/org/xmlunit/xmlunit-core/2.9.0/xmlunit-core-2.9.0.jar:/home/tiago/.m2/repository/org/springframework/boot/spring-boot-starter-webflux/2.7.5/spring-boot-starter-webflux-2.7.5.jar:/home/tiago/.m2/repository/org/springframework/boot/spring-boot-starter-json/2.7.5/spring-boot-starter-json-2.7.5.jar:/home/tiago/.m2/repository/com/fasterxml/jackson/core/jackson-databind/2.13.4.2/jackson-databind-2.13.4.2.jar:/home/tiago/.m2/repository/com/fasterxml/jackson/core/jackson-annotations/2.13.4/jackson-annotations-2.13.4.jar:/home/tiago/.m2/repository/com/fasterxml/jackson/core/jackson-core/2.13.4/jackson-core-2.13.4.jar:/home/tiago/.m2/repository/com/fasterxml/jackson/datatype/jackson-datatype-jdk8/2.13.4/jackson-datatype-jdk8-2.13.4.jar:/home/tiago/.m2/repository/com/fasterxml/jackson/datatype/jackson-datatype-jsr310/2.13.4/jackson-datatype-jsr310-2.13.4.jar:/home/tiago/.m2/repository/com/fasterxml/jackson/module/jackson-module-parameter-names/2.13.4/jackson-module-parameter-names-2.13.4.jar:/home/tiago/.m2/repository/org/springframework/boot/spring-boot-starter-reactor-netty/2.7.5/spring-boot-starter-reactor-netty-2.7.5.jar:/home/tiago/.m2/repository/io/projectreactor/netty/reactor-netty-http/1.0.24/reactor-netty-http-1.0.24.jar:/home/tiago/.m2/repository/io/netty/netty-codec-http/4.1.84.Final/netty-codec-http-4.1.84.Final.jar:/home/tiago/.m2/repository/io/netty/netty-common/4.1.84.Final/netty-common-4.1.84.Final.jar:/home/tiago/.m2/repository/io/netty/netty-buffer/4.1.84.Final/netty-buffer-4.1.84.Final.jar:/home/tiago/.m2/repository/io/netty/netty-transport/4.1.84.Final/netty-transport-4.1.84.Final.jar:/home/tiago/.m2/repository/io/netty/netty-codec/4.1.84.Final/netty-codec-4.1.84.Final.jar:/home/tiago/.m2/repository/io/netty/netty-codec-http2/4.1.84.Final/netty-codec-http2-4.1.84.Final.jar:/home/tiago/.m2/repository/io/netty/netty-resolver-dns/4.1.84.Final/netty-resolver-dns-4.1.84.Final.jar:/home/tiago/.m2/repository/io/netty/netty-resolver/4.1.84.Final/netty-resolver-4.1.84.Final.jar:/home/tiago/.m2/repository/io/netty/netty-codec-dns/4.1.84.Final/netty-codec-dns-4.1.84.Final.jar:/home/tiago/.m2/repository/io/netty/netty-resolver-dns-native-macos/4.1.84.Final/netty-resolver-dns-native-macos-4.1.84.Final-osx-x86_64.jar:/home/tiago/.m2/repository/io/netty/netty-resolver-dns-classes-macos/4.1.84.Final/netty-resolver-dns-classes-macos-4.1.84.Final.jar:/home/tiago/.m2/repository/io/netty/netty-transport-native-epoll/4.1.84.Final/netty-transport-native-epoll-4.1.84.Final-linux-x86_64.jar:/home/tiago/.m2/repository/io/netty/netty-transport-native-unix-common/4.1.84.Final/netty-transport-native-unix-common-4.1.84.Final.jar:/home/tiago/.m2/repository/io/netty/netty-transport-classes-epoll/4.1.84.Final/netty-transport-classes-epoll-4.1.84.Final.jar:/home/tiago/.m2/repository/org/springframework/spring-web/5.3.23/spring-web-5.3.23.jar:/home/tiago/.m2/repository/org/springframework/spring-webflux/5.3.23/spring-webflux-5.3.23.jar:/home/tiago/.m2/repository/io/r2dbc/r2dbc-pool/0.9.2.RELEASE/r2dbc-pool-0.9.2.RELEASE.jar:/home/tiago/.m2/repository/io/r2dbc/r2dbc-spi/0.9.1.RELEASE/r2dbc-spi-0.9.1.RELEASE.jar:/home/tiago/.m2/repository/org/reactivestreams/reactive-streams/1.0.4/reactive-streams-1.0.4.jar:/home/tiago/.m2/repository/io/projectreactor/reactor-core/3.4.24/reactor-core-3.4.24.jar:/home/tiago/.m2/repository/io/projectreactor/addons/reactor-pool/0.2.10/reactor-pool-0.2.10.jar:/home/tiago/.m2/repository/org/springframework/spring-jdbc/5.3.23/spring-jdbc-5.3.23.jar:/home/tiago/.m2/repository/org/springframework/spring-beans/5.3.23/spring-beans-5.3.23.jar:/home/tiago/.m2/repository/org/springframework/spring-tx/5.3.23/spring-tx-5.3.23.jar:/home/tiago/.m2/repository/io/r2dbc/r2dbc-postgresql/0.8.13.RELEASE/r2dbc-postgresql-0.8.13.RELEASE.jar:/home/tiago/.m2/repository/com/ongres/scram/client/2.1/client-2.1.jar:/home/tiago/.m2/repository/com/ongres/scram/common/2.1/common-2.1.jar:/home/tiago/.m2/repository/com/ongres/stringprep/saslprep/1.1/saslprep-1.1.jar:/home/tiago/.m2/repository/com/ongres/stringprep/stringprep/1.1/stringprep-1.1.jar:/home/tiago/.m2/repository/io/projectreactor/netty/reactor-netty/1.0.24/reactor-netty-1.0.24.jar:/home/tiago/.m2/repository/io/projectreactor/netty/reactor-netty-core/1.0.24/reactor-netty-core-1.0.24.jar:/home/tiago/.m2/repository/io/netty/netty-handler/4.1.84.Final/netty-handler-4.1.84.Final.jar:/home/tiago/.m2/repository/io/netty/netty-handler-proxy/4.1.84.Final/netty-handler-proxy-4.1.84.Final.jar:/home/tiago/.m2/repository/io/netty/netty-codec-socks/4.1.84.Final/netty-codec-socks-4.1.84.Final.jar:/home/tiago/.m2/repository/io/projectreactor/netty/incubator/reactor-netty-incubator-quic/0.0.13/reactor-netty-incubator-quic-0.0.13.jar:/home/tiago/.m2/repository/io/netty/incubator/netty-incubator-codec-native-quic/0.0.33.Final/netty-incubator-codec-native-quic-0.0.33.Final-linux-x86_64.jar:/home/tiago/.m2/repository/io/netty/incubator/netty-incubator-codec-classes-quic/0.0.33.Final/netty-incubator-codec-classes-quic-0.0.33.Final.jar:/home/tiago/.m2/repository/commons-codec/commons-codec/1.15/commons-codec-1.15.jar:/home/tiago/.m2/repository/io/projectreactor/netty/reactor-netty-http-brave/1.0.24/reactor-netty-http-brave-1.0.24.jar:/home/tiago/.m2/repository/io/zipkin/brave/brave-instrumentation-http/5.14.1/brave-instrumentation-http-5.14.1.jar:/home/tiago/.m2/repository/io/zipkin/brave/brave/5.14.1/brave-5.14.1.jar:/home/tiago/.m2/repository/io/zipkin/reporter2/zipkin-reporter-brave/2.16.3/zipkin-reporter-brave-2.16.3.jar:/home/tiago/.m2/repository/io/zipkin/reporter2/zipkin-reporter/2.16.3/zipkin-reporter-2.16.3.jar:/home/tiago/.m2/repository/io/zipkin/zipkin2/zipkin/2.23.2/zipkin-2.23.2.jar:/home/tiago/.m2/repository/org/postgresql/postgresql/42.3.7/postgresql-42.3.7.jar:/home/tiago/.m2/repository/org/checkerframework/checker-qual/3.5.0/checker-qual-3.5.0.jar:"/>
    <property name="sun.cpu.endian" value="little"/>
    <property name="user.home" value="/home/tiago"/>
    <property name="user.language" value="en"/>
    <property name="java.specification.vendor" value="Oracle Corporation"/>
    <property name="java.version.date" value="2022-04-19"/>
    <property name="java.home" value="/usr/lib/jvm/java-17-openjdk-amd64"/>
    <property name="file.separator" value="/"/>
    <property name="basedir" value="/home/tiago/Documents/github/assignment2-IS"/>
    <property name="java.vm.compressedOopsMode" value="32-bit"/>
    <property name="line.separator" value="&#10;"/>
    <property name="java.vm.specification.vendor" value="Oracle Corporation"/>
    <property name="java.specification.name" value="Java Platform API Specification"/>
    <property name="surefire.real.class.path" value="/home/tiago/Documents/github/assignment2-IS/target/surefire/surefirebooter8343720165338970942.jar"/>
    <property name="sun.management.compiler" value="HotSpot 64-Bit Tiered Compilers"/>
    <property name="java.runtime.version" value="17.0.3+7-Ubuntu-0ubuntu0.22.04.1"/>
    <property name="user.name" value="tiago"/>
    <property name="path.separator" value=":"/>
    <property name="os.version" value="5.17.5-76051705-generic"/>
    <property name="java.runtime.name" value="OpenJDK Runtime Environment"/>
    <property name="file.encoding" value="UTF-8"/>
    <property name="java.vm.name" value="OpenJDK 64-Bit Server VM"/>
    <property name="localRepository" value="/home/tiago/.m2/repository"/>
    <property name="java.vendor.url.bug" value="Unknown"/>
    <property name="java.io.tmpdir" value="/tmp"/>
    <property name="java.version" value="17.0.3"/>
    <property name="user.dir" value="/home/tiago/Documents/github/assignment2-IS"/>
    <property name="os.arch" value="amd64"/>
    <property name="java.vm.specification.name" value="Java Virtual Machine Specification"/>
    <property name="native.encoding" value="UTF-8"/>
    <property name="java.library.path" value="/usr/java/packages/lib:/usr/lib/x86_64-linux-gnu/jni:/lib/x86_64-linux-gnu:/usr/lib/x86_64-linux-gnu:/usr/lib/jni:/lib:/usr/lib"/>
    <property name="java.vm.info" value="mixed mode, sharing"/>
    <property name="java.vendor" value="Private Build"/>
    <property name="java.vm.version" value="17.0.3+7-Ubuntu-0ubuntu0.22.04.1"/>
    <property name="sun.io.unicode.encoding" value="UnicodeLittle"/>
    <property name="java.class.version" value="61.0"/>
  </properties>
  <testcase name="contextLoads" classname="main.reactor.ReactorApplicationTests" time="0.001">
    <error message="Failed to load ApplicationContext" type="java.lang.IllegalStateException">java.lang.IllegalStateException: Failed to load ApplicationContext
Caused by: org.springframework.beans.factory.BeanCreationException: Error creating bean with name 'connectionFactory' defined in class path resource [org/springframework/boot/autoconfigure/r2dbc/ConnectionFactoryConfigurations$PoolConfiguration$PooledConnectionFactoryConfiguration.class]: Bean instantiation via factory method failed; nested exception is org.springframework.beans.BeanInstantiationException: Failed to instantiate [io.r2dbc.pool.ConnectionPool]: Factory method 'connectionFactory' threw exception; nested exception is org.springframework.boot.autoconfigure.r2dbc.ConnectionFactoryOptionsInitializer$ConnectionFactoryBeanCreationException: Failed to determine a suitable R2DBC Connection URL
Caused by: org.springframework.beans.BeanInstantiationException: Failed to instantiate [io.r2dbc.pool.ConnectionPool]: Factory method 'connectionFactory' threw exception; nested exception is org.springframework.boot.autoconfigure.r2dbc.ConnectionFactoryOptionsInitializer$ConnectionFactoryBeanCreationException: Failed to determine a suitable R2DBC Connection URL
Caused by: org.springframework.boot.autoconfigure.r2dbc.ConnectionFactoryOptionsInitializer$ConnectionFactoryBeanCreationException: Failed to determine a suitable R2DBC Connection URL
</error>
    <system-out><![CDATA[17:25:55.437 [main] DEBUG org.springframework.test.context.BootstrapUtils - Instantiating CacheAwareContextLoaderDelegate from class [org.springframework.test.context.cache.DefaultCacheAwareContextLoaderDelegate]
17:25:55.448 [main] DEBUG org.springframework.test.context.BootstrapUtils - Instantiating BootstrapContext using constructor [public org.springframework.test.context.support.DefaultBootstrapContext(java.lang.Class,org.springframework.test.context.CacheAwareContextLoaderDelegate)]
17:25:55.483 [main] DEBUG org.springframework.test.context.BootstrapUtils - Instantiating TestContextBootstrapper for test class [main.reactor.ReactorApplicationTests] from class [org.springframework.boot.test.context.SpringBootTestContextBootstrapper]
17:25:55.494 [main] INFO org.springframework.boot.test.context.SpringBootTestContextBootstrapper - Neither @ContextConfiguration nor @ContextHierarchy found for test class [main.reactor.ReactorApplicationTests], using SpringBootContextLoader
17:25:55.498 [main] DEBUG org.springframework.test.context.support.AbstractContextLoader - Did not detect default resource location for test class [main.reactor.ReactorApplicationTests]: class path resource [main/reactor/ReactorApplicationTests-context.xml] does not exist
17:25:55.498 [main] DEBUG org.springframework.test.context.support.AbstractContextLoader - Did not detect default resource location for test class [main.reactor.ReactorApplicationTests]: class path resource [main/reactor/ReactorApplicationTestsContext.groovy] does not exist
17:25:55.498 [main] INFO org.springframework.test.context.support.AbstractContextLoader - Could not detect default resource locations for test class [main.reactor.ReactorApplicationTests]: no resource found for suffixes {-context.xml, Context.groovy}.
17:25:55.499 [main] INFO org.springframework.test.context.support.AnnotationConfigContextLoaderUtils - Could not detect default configuration classes for test class [main.reactor.ReactorApplicationTests]: ReactorApplicationTests does not declare any static, non-private, non-final, nested classes annotated with @Configuration.
17:25:55.541 [main] DEBUG org.springframework.test.context.support.ActiveProfilesUtils - Could not find an 'annotation declaring class' for annotation type [org.springframework.test.context.ActiveProfiles] and class [main.reactor.ReactorApplicationTests]
17:25:55.596 [main] DEBUG org.springframework.context.annotation.ClassPathScanningCandidateComponentProvider - Identified candidate component class: file [/home/tiago/Documents/github/assignment2-IS/target/classes/main/reactor/ReactorApplication.class]
17:25:55.597 [main] INFO org.springframework.boot.test.context.SpringBootTestContextBootstrapper - Found @SpringBootConfiguration main.reactor.ReactorApplication for test class main.reactor.ReactorApplicationTests
17:25:55.679 [main] DEBUG org.springframework.boot.test.context.SpringBootTestContextBootstrapper - @TestExecutionListeners is not present for class [main.reactor.ReactorApplicationTests]: using defaults.
17:25:55.679 [main] INFO org.springframework.boot.test.context.SpringBootTestContextBootstrapper - Loaded default TestExecutionListener class names from location [META-INF/spring.factories]: [org.springframework.boot.test.mock.mockito.MockitoTestExecutionListener, org.springframework.boot.test.mock.mockito.ResetMocksTestExecutionListener, org.springframework.boot.test.autoconfigure.restdocs.RestDocsTestExecutionListener, org.springframework.boot.test.autoconfigure.web.client.MockRestServiceServerResetTestExecutionListener, org.springframework.boot.test.autoconfigure.web.servlet.MockMvcPrintOnlyOnFailureTestExecutionListener, org.springframework.boot.test.autoconfigure.web.servlet.WebDriverTestExecutionListener, org.springframework.boot.test.autoconfigure.webservices.client.MockWebServiceServerTestExecutionListener, org.springframework.test.context.web.ServletTestExecutionListener, org.springframework.test.context.support.DirtiesContextBeforeModesTestExecutionListener, org.springframework.test.context.event.ApplicationEventsTestExecutionListener, org.springframework.test.context.support.DependencyInjectionTestExecutionListener, org.springframework.test.context.support.DirtiesContextTestExecutionListener, org.springframework.test.context.transaction.TransactionalTestExecutionListener, org.springframework.test.context.jdbc.SqlScriptsTestExecutionListener, org.springframework.test.context.event.EventPublishingTestExecutionListener]
17:25:55.686 [main] DEBUG org.springframework.boot.test.context.SpringBootTestContextBootstrapper - Skipping candidate TestExecutionListener [org.springframework.test.context.web.ServletTestExecutionListener] due to a missing dependency. Specify custom listener classes or make the default listener classes and their required dependencies available. Offending class: [javax/servlet/ServletContext]
17:25:55.693 [main] INFO org.springframework.boot.test.context.SpringBootTestContextBootstrapper - Using TestExecutionListeners: [org.springframework.test.context.support.DirtiesContextBeforeModesTestExecutionListener@16b2bb0c, org.springframework.test.context.event.ApplicationEventsTestExecutionListener@327af41b, org.springframework.boot.test.mock.mockito.MockitoTestExecutionListener@6cb6decd, org.springframework.boot.test.autoconfigure.SpringBootDependencyInjectionTestExecutionListener@c7045b9, org.springframework.test.context.support.DirtiesContextTestExecutionListener@f99f5e0, org.springframework.test.context.transaction.TransactionalTestExecutionListener@6aa61224, org.springframework.test.context.jdbc.SqlScriptsTestExecutionListener@30bce90b, org.springframework.test.context.event.EventPublishingTestExecutionListener@3e6f3f28, org.springframework.boot.test.mock.mockito.ResetMocksTestExecutionListener@7e19ebf0, org.springframework.boot.test.autoconfigure.restdocs.RestDocsTestExecutionListener@2474f125, org.springframework.boot.test.autoconfigure.web.client.MockRestServiceServerResetTestExecutionListener@7357a011, org.springframework.boot.test.autoconfigure.web.servlet.MockMvcPrintOnlyOnFailureTestExecutionListener@3406472c, org.springframework.boot.test.autoconfigure.web.servlet.WebDriverTestExecutionListener@5717c37, org.springframework.boot.test.autoconfigure.webservices.client.MockWebServiceServerTestExecutionListener@68f4865]
17:25:55.696 [main] DEBUG org.springframework.test.context.support.AbstractDirtiesContextTestExecutionListener - Before test class: context [DefaultTestContext@732d0d24 testClass = ReactorApplicationTests, testInstance = [null], testMethod = [null], testException = [null], mergedContextConfiguration = [ReactiveWebMergedContextConfiguration@1fb19a0 testClass = ReactorApplicationTests, locations = '{}', classes = '{class main.reactor.ReactorApplication}', contextInitializerClasses = '[]', activeProfiles = '{}', propertySourceLocations = '{}', propertySourceProperties = '{org.springframework.boot.test.context.SpringBootTestContextBootstrapper=true}', contextCustomizers = set[org.springframework.boot.test.context.filter.ExcludeFilterContextCustomizer@69fb6037, org.springframework.boot.test.json.DuplicateJsonObjectContextCustomizerFactory$DuplicateJsonObjectContextCustomizer@3c947bc5, org.springframework.boot.test.mock.mockito.MockitoContextCustomizer@0, org.springframework.boot.test.web.client.TestRestTemplateContextCustomizer@4ef37659, org.springframework.boot.test.web.reactive.server.WebTestClientContextCustomizer@5136d012, org.springframework.boot.test.autoconfigure.actuate.metrics.MetricsExportContextCustomizerFactory$DisableMetricExportContextCustomizer@13b13b5d, org.springframework.boot.test.autoconfigure.properties.PropertyMappingContextCustomizer@0, org.springframework.boot.test.autoconfigure.web.servlet.WebDriverContextCustomizerFactory$Customizer@59af0466, org.springframework.boot.test.context.SpringBootTestArgs@1, org.springframework.boot.test.context.SpringBootTestWebEnvironment@23e028a9], contextLoader = 'org.springframework.boot.test.context.SpringBootContextLoader', parent = [null]], attributes = map[[empty]]], class annotated with @DirtiesContext [false] with mode [null].
17:25:55.712 [main] DEBUG org.springframework.test.context.support.DependencyInjectionTestExecutionListener - Performing dependency injection for test context [[DefaultTestContext@732d0d24 testClass = ReactorApplicationTests, testInstance = main.reactor.ReactorApplicationTests@56c4278e, testMethod = [null], testException = [null], mergedContextConfiguration = [ReactiveWebMergedContextConfiguration@1fb19a0 testClass = ReactorApplicationTests, locations = '{}', classes = '{class main.reactor.ReactorApplication}', contextInitializerClasses = '[]', activeProfiles = '{}', propertySourceLocations = '{}', propertySourceProperties = '{org.springframework.boot.test.context.SpringBootTestContextBootstrapper=true}', contextCustomizers = set[org.springframework.boot.test.context.filter.ExcludeFilterContextCustomizer@69fb6037, org.springframework.boot.test.json.DuplicateJsonObjectContextCustomizerFactory$DuplicateJsonObjectContextCustomizer@3c947bc5, org.springframework.boot.test.mock.mockito.MockitoContextCustomizer@0, org.springframework.boot.test.web.client.TestRestTemplateContextCustomizer@4ef37659, org.springframework.boot.test.web.reactive.server.WebTestClientContextCustomizer@5136d012, org.springframework.boot.test.autoconfigure.actuate.metrics.MetricsExportContextCustomizerFactory$DisableMetricExportContextCustomizer@13b13b5d, org.springframework.boot.test.autoconfigure.properties.PropertyMappingContextCustomizer@0, org.springframework.boot.test.autoconfigure.web.servlet.WebDriverContextCustomizerFactory$Customizer@59af0466, org.springframework.boot.test.context.SpringBootTestArgs@1, org.springframework.boot.test.context.SpringBootTestWebEnvironment@23e028a9], contextLoader = 'org.springframework.boot.test.context.SpringBootContextLoader', parent = [null]], attributes = map['org.springframework.test.context.event.ApplicationEventsTestExecutionListener.recordApplicationEvents' -> false]]].

  .   ____          _            __ _ _
 /\\ / ___'_ __ _ _(_)_ __  __ _ \ \ \ \
( ( )\___ | '_ | '_| | '_ \/ _` | \ \ \ \
 \\/  ___)| |_)| | | | | || (_| |  ) ) ) )
  '  |____| .__|_| |_|_| |_\__, | / / / /
 =========|_|==============|___/=/_/_/_/
 :: Spring Boot ::                (v2.7.5)

2022-10-24 17:25:55.960  INFO 20632 --- [           main] main.reactor.ReactorApplicationTests     : Starting ReactorApplicationTests using Java 17.0.3 on pop-os with PID 20632 (started by tiago in /home/tiago/Documents/github/assignment2-IS)
2022-10-24 17:25:55.961  INFO 20632 --- [           main] main.reactor.ReactorApplicationTests     : No active profile set, falling back to 1 default profile: "default"
2022-10-24 17:25:57.227  WARN 20632 --- [           main] r.c.GenericReactiveWebApplicationContext : Exception encountered during context initialization - cancelling refresh attempt: org.springframework.beans.factory.BeanCreationException: Error creating bean with name 'connectionFactory' defined in class path resource [org/springframework/boot/autoconfigure/r2dbc/ConnectionFactoryConfigurations$PoolConfiguration$PooledConnectionFactoryConfiguration.class]: Bean instantiation via factory method failed; nested exception is org.springframework.beans.BeanInstantiationException: Failed to instantiate [io.r2dbc.pool.ConnectionPool]: Factory method 'connectionFactory' threw exception; nested exception is org.springframework.boot.autoconfigure.r2dbc.ConnectionFactoryOptionsInitializer$ConnectionFactoryBeanCreationException: Failed to determine a suitable R2DBC Connection URL
2022-10-24 17:25:57.241  INFO 20632 --- [           main] ConditionEvaluationReportLoggingListener : 

Error starting ApplicationContext. To display the conditions report re-run your application with 'debug' enabled.
2022-10-24 17:25:57.257 ERROR 20632 --- [           main] o.s.b.d.LoggingFailureAnalysisReporter   : 

***************************
APPLICATION FAILED TO START
***************************

Description:

Failed to configure a ConnectionFactory: 'url' attribute is not specified and no embedded database could be configured.

Reason: Failed to determine a suitable R2DBC Connection URL


Action:

Consider the following:
	If you want an embedded database (H2), please put it on the classpath.
	If you have database settings to be loaded from a particular profile you may need to activate it (no profiles are currently active).


  .   ____          _            __ _ _
 /\\ / ___'_ __ _ _(_)_ __  __ _ \ \ \ \
( ( )\___ | '_ | '_| | '_ \/ _` | \ \ \ \
 \\/  ___)| |_)| | | | | || (_| |  ) ) ) )
  '  |____| .__|_| |_|_| |_\__, | / / / /
 =========|_|==============|___/=/_/_/_/
 :: Spring Boot ::                (v2.7.5)

2022-10-24 17:25:57.283  INFO 20632 --- [           main] main.reactor.ReactorApplicationTests     : Starting ReactorApplicationTests using Java 17.0.3 on pop-os with PID 20632 (started by tiago in /home/tiago/Documents/github/assignment2-IS)
2022-10-24 17:25:57.283  INFO 20632 --- [           main] main.reactor.ReactorApplicationTests     : No active profile set, falling back to 1 default profile: "default"
2022-10-24 17:25:57.572  WARN 20632 --- [           main] r.c.GenericReactiveWebApplicationContext : Exception encountered during context initialization - cancelling refresh attempt: org.springframework.beans.factory.BeanCreationException: Error creating bean with name 'connectionFactory' defined in class path resource [org/springframework/boot/autoconfigure/r2dbc/ConnectionFactoryConfigurations$PoolConfiguration$PooledConnectionFactoryConfiguration.class]: Bean instantiation via factory method failed; nested exception is org.springframework.beans.BeanInstantiationException: Failed to instantiate [io.r2dbc.pool.ConnectionPool]: Factory method 'connectionFactory' threw exception; nested exception is org.springframework.boot.autoconfigure.r2dbc.ConnectionFactoryOptionsInitializer$ConnectionFactoryBeanCreationException: Failed to determine a suitable R2DBC Connection URL
2022-10-24 17:25:57.575  INFO 20632 --- [           main] ConditionEvaluationReportLoggingListener : 

Error starting ApplicationContext. To display the conditions report re-run your application with 'debug' enabled.
2022-10-24 17:25:57.577 ERROR 20632 --- [           main] o.s.b.d.LoggingFailureAnalysisReporter   : 

***************************
APPLICATION FAILED TO START
***************************

Description:

Failed to configure a ConnectionFactory: 'url' attribute is not specified and no embedded database could be configured.

Reason: Failed to determine a suitable R2DBC Connection URL


Action:

Consider the following:
	If you want an embedded database (H2), please put it on the classpath.
	If you have database settings to be loaded from a particular profile you may need to activate it (no profiles are currently active).

2022-10-24 17:25:57.582 ERROR 20632 --- [           main] o.s.test.context.TestContextManager      : Caught exception while allowing TestExecutionListener [org.springframework.boot.test.autoconfigure.SpringBootDependencyInjectionTestExecutionListener@c7045b9] to prepare test instance [main.reactor.ReactorApplicationTests@56c4278e]

java.lang.IllegalStateException: Failed to load ApplicationContext
	at org.springframework.test.context.cache.DefaultCacheAwareContextLoaderDelegate.loadContext(DefaultCacheAwareContextLoaderDelegate.java:98) ~[spring-test-5.3.23.jar:5.3.23]
	at org.springframework.test.context.support.DefaultTestContext.getApplicationContext(DefaultTestContext.java:124) ~[spring-test-5.3.23.jar:5.3.23]
	at org.springframework.test.context.support.DependencyInjectionTestExecutionListener.injectDependencies(DependencyInjectionTestExecutionListener.java:118) ~[spring-test-5.3.23.jar:5.3.23]
	at org.springframework.test.context.support.DependencyInjectionTestExecutionListener.prepareTestInstance(DependencyInjectionTestExecutionListener.java:83) ~[spring-test-5.3.23.jar:5.3.23]
	at org.springframework.boot.test.autoconfigure.SpringBootDependencyInjectionTestExecutionListener.prepareTestInstance(SpringBootDependencyInjectionTestExecutionListener.java:43) ~[spring-boot-test-autoconfigure-2.7.5.jar:2.7.5]
	at org.springframework.test.context.TestContextManager.prepareTestInstance(TestContextManager.java:248) ~[spring-test-5.3.23.jar:5.3.23]
	at org.springframework.test.context.junit.jupiter.SpringExtension.postProcessTestInstance(SpringExtension.java:138) ~[spring-test-5.3.23.jar:5.3.23]
	at org.junit.jupiter.engine.descriptor.ClassBasedTestDescriptor.lambda$invokeTestInstancePostProcessors$8(ClassBasedTestDescriptor.java:363) ~[junit-jupiter-engine-5.8.2.jar:5.8.2]
	at org.junit.jupiter.engine.descriptor.ClassBasedTestDescriptor.executeAndMaskThrowable(ClassBasedTestDescriptor.java:368) ~[junit-jupiter-engine-5.8.2.jar:5.8.2]
	at org.junit.jupiter.engine.descriptor.ClassBasedTestDescriptor.lambda$invokeTestInstancePostProcessors$9(ClassBasedTestDescriptor.java:363) ~[junit-jupiter-engine-5.8.2.jar:5.8.2]
	at java.base/java.util.stream.ReferencePipeline$3$1.accept(ReferencePipeline.java:197) ~[na:na]
	at java.base/java.util.stream.ReferencePipeline$2$1.accept(ReferencePipeline.java:179) ~[na:na]
	at java.base/java.util.ArrayList$ArrayListSpliterator.forEachRemaining(ArrayList.java:1625) ~[na:na]
	at java.base/java.util.stream.AbstractPipeline.copyInto(AbstractPipeline.java:509) ~[na:na]
	at java.base/java.util.stream.AbstractPipeline.wrapAndCopyInto(AbstractPipeline.java:499) ~[na:na]
	at java.base/java.util.stream.StreamSpliterators$WrappingSpliterator.forEachRemaining(StreamSpliterators.java:310) ~[na:na]
	at java.base/java.util.stream.Streams$ConcatSpliterator.forEachRemaining(Streams.java:735) ~[na:na]
	at java.base/java.util.stream.Streams$ConcatSpliterator.forEachRemaining(Streams.java:734) ~[na:na]
	at java.base/java.util.stream.ReferencePipeline$Head.forEach(ReferencePipeline.java:762) ~[na:na]
	at org.junit.jupiter.engine.descriptor.ClassBasedTestDescriptor.invokeTestInstancePostProcessors(ClassBasedTestDescriptor.java:362) ~[junit-jupiter-engine-5.8.2.jar:5.8.2]
	at org.junit.jupiter.engine.descriptor.ClassBasedTestDescriptor.lambda$instantiateAndPostProcessTestInstance$6(ClassBasedTestDescriptor.java:283) ~[junit-jupiter-engine-5.8.2.jar:5.8.2]
	at org.junit.platform.engine.support.hierarchical.ThrowableCollector.execute(ThrowableCollector.java:73) ~[junit-platform-engine-1.8.2.jar:1.8.2]
	at org.junit.jupiter.engine.descriptor.ClassBasedTestDescriptor.instantiateAndPostProcessTestInstance(ClassBasedTestDescriptor.java:282) ~[junit-jupiter-engine-5.8.2.jar:5.8.2]
	at org.junit.jupiter.engine.descriptor.ClassBasedTestDescriptor.lambda$testInstancesProvider$4(ClassBasedTestDescriptor.java:272) ~[junit-jupiter-engine-5.8.2.jar:5.8.2]
	at java.base/java.util.Optional.orElseGet(Optional.java:364) ~[na:na]
	at org.junit.jupiter.engine.descriptor.ClassBasedTestDescriptor.lambda$testInstancesProvider$5(ClassBasedTestDescriptor.java:271) ~[junit-jupiter-engine-5.8.2.jar:5.8.2]
	at org.junit.jupiter.engine.execution.TestInstancesProvider.getTestInstances(TestInstancesProvider.java:31) ~[junit-jupiter-engine-5.8.2.jar:5.8.2]
	at org.junit.jupiter.engine.descriptor.TestMethodTestDescriptor.lambda$prepare$0(TestMethodTestDescriptor.java:102) ~[junit-jupiter-engine-5.8.2.jar:5.8.2]
	at org.junit.platform.engine.support.hierarchical.ThrowableCollector.execute(ThrowableCollector.java:73) ~[junit-platform-engine-1.8.2.jar:1.8.2]
	at org.junit.jupiter.engine.descriptor.TestMethodTestDescriptor.prepare(TestMethodTestDescriptor.java:101) ~[junit-jupiter-engine-5.8.2.jar:5.8.2]
	at org.junit.jupiter.engine.descriptor.TestMethodTestDescriptor.prepare(TestMethodTestDescriptor.java:66) ~[junit-jupiter-engine-5.8.2.jar:5.8.2]
	at org.junit.platform.engine.support.hierarchical.NodeTestTask.lambda$prepare$2(NodeTestTask.java:123) ~[junit-platform-engine-1.8.2.jar:1.8.2]
	at org.junit.platform.engine.support.hierarchical.ThrowableCollector.execute(ThrowableCollector.java:73) ~[junit-platform-engine-1.8.2.jar:1.8.2]
	at org.junit.platform.engine.support.hierarchical.NodeTestTask.prepare(NodeTestTask.java:123) ~[junit-platform-engine-1.8.2.jar:1.8.2]
	at org.junit.platform.engine.support.hierarchical.NodeTestTask.execute(NodeTestTask.java:90) ~[junit-platform-engine-1.8.2.jar:1.8.2]
	at java.base/java.util.ArrayList.forEach(ArrayList.java:1511) ~[na:na]
	at org.junit.platform.engine.support.hierarchical.SameThreadHierarchicalTestExecutorService.invokeAll(SameThreadHierarchicalTestExecutorService.java:41) ~[junit-platform-engine-1.8.2.jar:1.8.2]
	at org.junit.platform.engine.support.hierarchical.NodeTestTask.lambda$executeRecursively$6(NodeTestTask.java:155) ~[junit-platform-engine-1.8.2.jar:1.8.2]
	at org.junit.platform.engine.support.hierarchical.ThrowableCollector.execute(ThrowableCollector.java:73) ~[junit-platform-engine-1.8.2.jar:1.8.2]
	at org.junit.platform.engine.support.hierarchical.NodeTestTask.lambda$executeRecursively$8(NodeTestTask.java:141) ~[junit-platform-engine-1.8.2.jar:1.8.2]
	at org.junit.platform.engine.support.hierarchical.Node.around(Node.java:137) ~[junit-platform-engine-1.8.2.jar:1.8.2]
	at org.junit.platform.engine.support.hierarchical.NodeTestTask.lambda$executeRecursively$9(NodeTestTask.java:139) ~[junit-platform-engine-1.8.2.jar:1.8.2]
	at org.junit.platform.engine.support.hierarchical.ThrowableCollector.execute(ThrowableCollector.java:73) ~[junit-platform-engine-1.8.2.jar:1.8.2]
	at org.junit.platform.engine.support.hierarchical.NodeTestTask.executeRecursively(NodeTestTask.java:138) ~[junit-platform-engine-1.8.2.jar:1.8.2]
	at org.junit.platform.engine.support.hierarchical.NodeTestTask.execute(NodeTestTask.java:95) ~[junit-platform-engine-1.8.2.jar:1.8.2]
	at java.base/java.util.ArrayList.forEach(ArrayList.java:1511) ~[na:na]
	at org.junit.platform.engine.support.hierarchical.SameThreadHierarchicalTestExecutorService.invokeAll(SameThreadHierarchicalTestExecutorService.java:41) ~[junit-platform-engine-1.8.2.jar:1.8.2]
	at org.junit.platform.engine.support.hierarchical.NodeTestTask.lambda$executeRecursively$6(NodeTestTask.java:155) ~[junit-platform-engine-1.8.2.jar:1.8.2]
	at org.junit.platform.engine.support.hierarchical.ThrowableCollector.execute(ThrowableCollector.java:73) ~[junit-platform-engine-1.8.2.jar:1.8.2]
	at org.junit.platform.engine.support.hierarchical.NodeTestTask.lambda$executeRecursively$8(NodeTestTask.java:141) ~[junit-platform-engine-1.8.2.jar:1.8.2]
	at org.junit.platform.engine.support.hierarchical.Node.around(Node.java:137) ~[junit-platform-engine-1.8.2.jar:1.8.2]
	at org.junit.platform.engine.support.hierarchical.NodeTestTask.lambda$executeRecursively$9(NodeTestTask.java:139) ~[junit-platform-engine-1.8.2.jar:1.8.2]
	at org.junit.platform.engine.support.hierarchical.ThrowableCollector.execute(ThrowableCollector.java:73) ~[junit-platform-engine-1.8.2.jar:1.8.2]
	at org.junit.platform.engine.support.hierarchical.NodeTestTask.executeRecursively(NodeTestTask.java:138) ~[junit-platform-engine-1.8.2.jar:1.8.2]
	at org.junit.platform.engine.support.hierarchical.NodeTestTask.execute(NodeTestTask.java:95) ~[junit-platform-engine-1.8.2.jar:1.8.2]
	at org.junit.platform.engine.support.hierarchical.SameThreadHierarchicalTestExecutorService.submit(SameThreadHierarchicalTestExecutorService.java:35) ~[junit-platform-engine-1.8.2.jar:1.8.2]
	at org.junit.platform.engine.support.hierarchical.HierarchicalTestExecutor.execute(HierarchicalTestExecutor.java:57) ~[junit-platform-engine-1.8.2.jar:1.8.2]
	at org.junit.platform.engine.support.hierarchical.HierarchicalTestEngine.execute(HierarchicalTestEngine.java:54) ~[junit-platform-engine-1.8.2.jar:1.8.2]
	at org.junit.platform.launcher.core.DefaultLauncher.execute(DefaultLauncher.java:220) ~[junit-platform-launcher-1.3.1.jar:1.3.1]
	at org.junit.platform.launcher.core.DefaultLauncher.lambda$execute$6(DefaultLauncher.java:188) ~[junit-platform-launcher-1.3.1.jar:1.3.1]
	at org.junit.platform.launcher.core.DefaultLauncher.withInterceptedStreams(DefaultLauncher.java:202) ~[junit-platform-launcher-1.3.1.jar:1.3.1]
	at org.junit.platform.launcher.core.DefaultLauncher.execute(DefaultLauncher.java:181) ~[junit-platform-launcher-1.3.1.jar:1.3.1]
	at org.junit.platform.launcher.core.DefaultLauncher.execute(DefaultLauncher.java:128) ~[junit-platform-launcher-1.3.1.jar:1.3.1]
	at org.apache.maven.surefire.junitplatform.JUnitPlatformProvider.invokeAllTests(JUnitPlatformProvider.java:150) ~[surefire-junit-platform-2.22.2.jar:2.22.2]
	at org.apache.maven.surefire.junitplatform.JUnitPlatformProvider.invoke(JUnitPlatformProvider.java:124) ~[surefire-junit-platform-2.22.2.jar:2.22.2]
	at org.apache.maven.surefire.booter.ForkedBooter.invokeProviderInSameClassLoader(ForkedBooter.java:384) ~[surefire-booter-2.22.2.jar:2.22.2]
	at org.apache.maven.surefire.booter.ForkedBooter.runSuitesInProcess(ForkedBooter.java:345) ~[surefire-booter-2.22.2.jar:2.22.2]
	at org.apache.maven.surefire.booter.ForkedBooter.execute(ForkedBooter.java:126) ~[surefire-booter-2.22.2.jar:2.22.2]
	at org.apache.maven.surefire.booter.ForkedBooter.main(ForkedBooter.java:418) ~[surefire-booter-2.22.2.jar:2.22.2]
Caused by: org.springframework.beans.factory.BeanCreationException: Error creating bean with name 'connectionFactory' defined in class path resource [org/springframework/boot/autoconfigure/r2dbc/ConnectionFactoryConfigurations$PoolConfiguration$PooledConnectionFactoryConfiguration.class]: Bean instantiation via factory method failed; nested exception is org.springframework.beans.BeanInstantiationException: Failed to instantiate [io.r2dbc.pool.ConnectionPool]: Factory method 'connectionFactory' threw exception; nested exception is org.springframework.boot.autoconfigure.r2dbc.ConnectionFactoryOptionsInitializer$ConnectionFactoryBeanCreationException: Failed to determine a suitable R2DBC Connection URL
	at org.springframework.beans.factory.support.ConstructorResolver.instantiate(ConstructorResolver.java:658) ~[spring-beans-5.3.23.jar:5.3.23]
	at org.springframework.beans.factory.support.ConstructorResolver.instantiateUsingFactoryMethod(ConstructorResolver.java:638) ~[spring-beans-5.3.23.jar:5.3.23]
	at org.springframework.beans.factory.support.AbstractAutowireCapableBeanFactory.instantiateUsingFactoryMethod(AbstractAutowireCapableBeanFactory.java:1352) ~[spring-beans-5.3.23.jar:5.3.23]
	at org.springframework.beans.factory.support.AbstractAutowireCapableBeanFactory.createBeanInstance(AbstractAutowireCapableBeanFactory.java:1195) ~[spring-beans-5.3.23.jar:5.3.23]
	at org.springframework.beans.factory.support.AbstractAutowireCapableBeanFactory.doCreateBean(AbstractAutowireCapableBeanFactory.java:582) ~[spring-beans-5.3.23.jar:5.3.23]
	at org.springframework.beans.factory.support.AbstractAutowireCapableBeanFactory.createBean(AbstractAutowireCapableBeanFactory.java:542) ~[spring-beans-5.3.23.jar:5.3.23]
	at org.springframework.beans.factory.support.AbstractBeanFactory.lambda$doGetBean$0(AbstractBeanFactory.java:335) ~[spring-beans-5.3.23.jar:5.3.23]
	at org.springframework.beans.factory.support.DefaultSingletonBeanRegistry.getSingleton(DefaultSingletonBeanRegistry.java:234) ~[spring-beans-5.3.23.jar:5.3.23]
	at org.springframework.beans.factory.support.AbstractBeanFactory.doGetBean(AbstractBeanFactory.java:333) ~[spring-beans-5.3.23.jar:5.3.23]
	at org.springframework.beans.factory.support.AbstractBeanFactory.getBean(AbstractBeanFactory.java:208) ~[spring-beans-5.3.23.jar:5.3.23]
	at org.springframework.beans.factory.support.DefaultListableBeanFactory.preInstantiateSingletons(DefaultListableBeanFactory.java:955) ~[spring-beans-5.3.23.jar:5.3.23]
	at org.springframework.context.support.AbstractApplicationContext.finishBeanFactoryInitialization(AbstractApplicationContext.java:918) ~[spring-context-5.3.23.jar:5.3.23]
	at org.springframework.context.support.AbstractApplicationContext.refresh(AbstractApplicationContext.java:583) ~[spring-context-5.3.23.jar:5.3.23]
	at org.springframework.boot.SpringApplication.refresh(SpringApplication.java:734) ~[spring-boot-2.7.5.jar:2.7.5]
	at org.springframework.boot.SpringApplication.refreshContext(SpringApplication.java:408) ~[spring-boot-2.7.5.jar:2.7.5]
	at org.springframework.boot.SpringApplication.run(SpringApplication.java:308) ~[spring-boot-2.7.5.jar:2.7.5]
	at org.springframework.boot.test.context.SpringBootContextLoader.loadContext(SpringBootContextLoader.java:132) ~[spring-boot-test-2.7.5.jar:2.7.5]
	at org.springframework.test.context.cache.DefaultCacheAwareContextLoaderDelegate.loadContextInternal(DefaultCacheAwareContextLoaderDelegate.java:141) ~[spring-test-5.3.23.jar:5.3.23]
	at org.springframework.test.context.cache.DefaultCacheAwareContextLoaderDelegate.loadContext(DefaultCacheAwareContextLoaderDelegate.java:90) ~[spring-test-5.3.23.jar:5.3.23]
	... 68 common frames omitted
Caused by: org.springframework.beans.BeanInstantiationException: Failed to instantiate [io.r2dbc.pool.ConnectionPool]: Factory method 'connectionFactory' threw exception; nested exception is org.springframework.boot.autoconfigure.r2dbc.ConnectionFactoryOptionsInitializer$ConnectionFactoryBeanCreationException: Failed to determine a suitable R2DBC Connection URL
	at org.springframework.beans.factory.support.SimpleInstantiationStrategy.instantiate(SimpleInstantiationStrategy.java:185) ~[spring-beans-5.3.23.jar:5.3.23]
	at org.springframework.beans.factory.support.ConstructorResolver.instantiate(ConstructorResolver.java:653) ~[spring-beans-5.3.23.jar:5.3.23]
	... 86 common frames omitted
Caused by: org.springframework.boot.autoconfigure.r2dbc.ConnectionFactoryOptionsInitializer$ConnectionFactoryBeanCreationException: Failed to determine a suitable R2DBC Connection URL
	at org.springframework.boot.autoconfigure.r2dbc.ConnectionFactoryOptionsInitializer.connectionFactoryBeanCreationException(ConnectionFactoryOptionsInitializer.java:125) ~[spring-boot-autoconfigure-2.7.5.jar:2.7.5]
	at org.springframework.boot.autoconfigure.r2dbc.ConnectionFactoryOptionsInitializer.initialize(ConnectionFactoryOptionsInitializer.java:55) ~[spring-boot-autoconfigure-2.7.5.jar:2.7.5]
	at org.springframework.boot.autoconfigure.r2dbc.ConnectionFactoryConfigurations.createConnectionFactory(ConnectionFactoryConfigurations.java:62) ~[spring-boot-autoconfigure-2.7.5.jar:2.7.5]
	at org.springframework.boot.autoconfigure.r2dbc.ConnectionFactoryConfigurations$PoolConfiguration$PooledConnectionFactoryConfiguration.connectionFactory(ConnectionFactoryConfigurations.java:92) ~[spring-boot-autoconfigure-2.7.5.jar:2.7.5]
	at java.base/jdk.internal.reflect.NativeMethodAccessorImpl.invoke0(Native Method) ~[na:na]
	at java.base/jdk.internal.reflect.NativeMethodAccessorImpl.invoke(NativeMethodAccessorImpl.java:77) ~[na:na]
	at java.base/jdk.internal.reflect.DelegatingMethodAccessorImpl.invoke(DelegatingMethodAccessorImpl.java:43) ~[na:na]
	at java.base/java.lang.reflect.Method.invoke(Method.java:568) ~[na:na]
	at org.springframework.beans.factory.support.SimpleInstantiationStrategy.instantiate(SimpleInstantiationStrategy.java:154) ~[spring-beans-5.3.23.jar:5.3.23]
	... 87 common frames omitted

]]></system-out>
  </testcase>
</testsuite>